   1               		.file	"chips.c"
   2               	__SP_H__ = 0x3e
   3               	__SP_L__ = 0x3d
   4               	__SREG__ = 0x3f
   5               	__RAMPZ__ = 0x3b
   6               	__tmp_reg__ = 0
   7               	__zero_reg__ = 1
   8               		.text
   9               	.Ltext0:
  10               	.global	proms_count
  11               		.section	.rodata
  14               	proms_count:
  15 0000 1200      		.word	18
  16               	.global	proms
  19               	proms:
  20 0002 4E4F 4E45 		.string	"NONE"
  20      00
  21 0007 0000 0000 		.zero	11
  21      0000 0000 
  21      0000 00
  22 0012 00        		.zero	1
  23 0013 1C        		.byte	28
  24 0014 00        		.byte	0
  25 0015 00        		.byte	0
  26 0016 0000 0000 		.zero	24
  26      0000 0000 
  26      0000 0000 
  26      0000 0000 
  26      0000 0000 
  27 002e 0000 0000 		.zero	24
  27      0000 0000 
  27      0000 0000 
  27      0000 0000 
  27      0000 0000 
  28 0046 0000 0000 		.zero	8
  28      0000 0000 
  29 004e 0000 0000 		.zero	8
  29      0000 0000 
  30 0056 0000      		.zero	2
  31 0058 4D32 3743 		.string	"M27C512"
  31      3531 3200 
  32 0060 0000 0000 		.zero	8
  32      0000 0000 
  33 0068 00        		.zero	1
  34 0069 1C        		.byte	28
  35 006a 10        		.byte	16
  36 006b 08        		.byte	8
  37 006c 0A        		.byte	10
  38 006d 09        		.byte	9
  39 006e 08        		.byte	8
  40 006f 07        		.byte	7
  41 0070 06        		.byte	6
  42 0071 05        		.byte	5
  43 0072 04        		.byte	4
  44 0073 03        		.byte	3
  45 0074 19        		.byte	25
  46 0075 18        		.byte	24
  47 0076 15        		.byte	21
  48 0077 17        		.byte	23
  49 0078 02        		.byte	2
  50 0079 1A        		.byte	26
  51 007a 1B        		.byte	27
  52 007b 01        		.byte	1
  53 007c 0000 0000 		.zero	8
  53      0000 0000 
  54 0084 0B        		.byte	11
  55 0085 0C        		.byte	12
  56 0086 0D        		.byte	13
  57 0087 0F        		.byte	15
  58 0088 10        		.byte	16
  59 0089 11        		.byte	17
  60 008a 12        		.byte	18
  61 008b 13        		.byte	19
  62 008c 0000 0000 		.zero	16
  62      0000 0000 
  62      0000 0000 
  62      0000 0000 
  63 009c 1C        		.byte	28
  64 009d 0000 0000 		.zero	7
  64      0000 00
  65 00a4 16        		.byte	22
  66 00a5 14        		.byte	20
  67 00a6 0E        		.byte	14
  68 00a7 0000 0000 		.zero	5
  68      00
  69 00ac 1C        		.byte	28
  70 00ad 0E        		.byte	14
  71 00ae 4D32 3743 		.string	"M27C256"
  71      3235 3600 
  72 00b6 0000 0000 		.zero	8
  72      0000 0000 
  73 00be 00        		.zero	1
  74 00bf 1C        		.byte	28
  75 00c0 0F        		.byte	15
  76 00c1 08        		.byte	8
  77 00c2 0A        		.byte	10
  78 00c3 09        		.byte	9
  79 00c4 08        		.byte	8
  80 00c5 07        		.byte	7
  81 00c6 06        		.byte	6
  82 00c7 05        		.byte	5
  83 00c8 04        		.byte	4
  84 00c9 03        		.byte	3
  85 00ca 19        		.byte	25
  86 00cb 18        		.byte	24
  87 00cc 15        		.byte	21
  88 00cd 17        		.byte	23
  89 00ce 02        		.byte	2
  90 00cf 1A        		.byte	26
  91 00d0 1B        		.byte	27
  92 00d1 0000 0000 		.zero	9
  92      0000 0000 
  92      00
  93 00da 0B        		.byte	11
  94 00db 0C        		.byte	12
  95 00dc 0D        		.byte	13
  96 00dd 0F        		.byte	15
  97 00de 10        		.byte	16
  98 00df 11        		.byte	17
  99 00e0 12        		.byte	18
 100 00e1 13        		.byte	19
 101 00e2 0000 0000 		.zero	16
 101      0000 0000 
 101      0000 0000 
 101      0000 0000 
 102 00f2 1C        		.byte	28
 103 00f3 01        		.byte	1
 104 00f4 0000 0000 		.zero	6
 104      0000 
 105 00fa 16        		.byte	22
 106 00fb 14        		.byte	20
 107 00fc 0E        		.byte	14
 108 00fd 0000 0000 		.zero	5
 108      00
 109 0102 1C        		.byte	28
 110 0103 0E        		.byte	14
 111 0104 4D32 3743 		.string	"M27C128"
 111      3132 3800 
 112 010c 0000 0000 		.zero	8
 112      0000 0000 
 113 0114 00        		.zero	1
 114 0115 1C        		.byte	28
 115 0116 0E        		.byte	14
 116 0117 08        		.byte	8
 117 0118 0A        		.byte	10
 118 0119 09        		.byte	9
 119 011a 08        		.byte	8
 120 011b 07        		.byte	7
 121 011c 06        		.byte	6
 122 011d 05        		.byte	5
 123 011e 04        		.byte	4
 124 011f 03        		.byte	3
 125 0120 19        		.byte	25
 126 0121 18        		.byte	24
 127 0122 15        		.byte	21
 128 0123 17        		.byte	23
 129 0124 02        		.byte	2
 130 0125 1A        		.byte	26
 131 0126 0000 0000 		.zero	10
 131      0000 0000 
 131      0000 
 132 0130 0B        		.byte	11
 133 0131 0C        		.byte	12
 134 0132 0D        		.byte	13
 135 0133 0F        		.byte	15
 136 0134 10        		.byte	16
 137 0135 11        		.byte	17
 138 0136 12        		.byte	18
 139 0137 13        		.byte	19
 140 0138 0000 0000 		.zero	16
 140      0000 0000 
 140      0000 0000 
 140      0000 0000 
 141 0148 1C        		.byte	28
 142 0149 01        		.byte	1
 143 014a 1B        		.byte	27
 144 014b 0000 0000 		.zero	5
 144      00
 145 0150 16        		.byte	22
 146 0151 14        		.byte	20
 147 0152 0E        		.byte	14
 148 0153 0000 0000 		.zero	5
 148      00
 149 0158 1C        		.byte	28
 150 0159 0E        		.byte	14
 151 015a 4C48 2D35 		.string	"LH-535618"
 151      3335 3631 
 151      3800 
 152 0164 0000 0000 		.zero	6
 152      0000 
 153 016a 03        		.byte	3
 154 016b 1C        		.byte	28
 155 016c 0F        		.byte	15
 156 016d 08        		.byte	8
 157 016e 0A        		.byte	10
 158 016f 09        		.byte	9
 159 0170 08        		.byte	8
 160 0171 07        		.byte	7
 161 0172 06        		.byte	6
 162 0173 05        		.byte	5
 163 0174 04        		.byte	4
 164 0175 03        		.byte	3
 165 0176 1A        		.byte	26
 166 0177 19        		.byte	25
 167 0178 02        		.byte	2
 168 0179 14        		.byte	20
 169 017a 18        		.byte	24
 170 017b 16        		.byte	22
 171 017c 1C        		.byte	28
 172 017d 0000 0000 		.zero	9
 172      0000 0000 
 172      00
 173 0186 0B        		.byte	11
 174 0187 0C        		.byte	12
 175 0188 0D        		.byte	13
 176 0189 0F        		.byte	15
 177 018a 10        		.byte	16
 178 018b 11        		.byte	17
 179 018c 12        		.byte	18
 180 018d 13        		.byte	19
 181 018e 0000 0000 		.zero	16
 181      0000 0000 
 181      0000 0000 
 181      0000 0000 
 182 019e 01        		.byte	1
 183 019f 0000 0000 		.zero	7
 183      0000 00
 184 01a6 17        		.byte	23
 185 01a7 15        		.byte	21
 186 01a8 1B        		.byte	27
 187 01a9 0E        		.byte	14
 188 01aa 0000 0000 		.zero	4
 189 01ae 01        		.byte	1
 190 01af 0E        		.byte	14
 191 01b0 4D32 3743 		.string	"M27C64"
 191      3634 00
 192 01b7 0000 0000 		.zero	9
 192      0000 0000 
 192      00
 193 01c0 00        		.zero	1
 194 01c1 1C        		.byte	28
 195 01c2 0D        		.byte	13
 196 01c3 08        		.byte	8
 197 01c4 0A        		.byte	10
 198 01c5 09        		.byte	9
 199 01c6 08        		.byte	8
 200 01c7 07        		.byte	7
 201 01c8 06        		.byte	6
 202 01c9 05        		.byte	5
 203 01ca 04        		.byte	4
 204 01cb 03        		.byte	3
 205 01cc 19        		.byte	25
 206 01cd 18        		.byte	24
 207 01ce 15        		.byte	21
 208 01cf 17        		.byte	23
 209 01d0 02        		.byte	2
 210 01d1 0000 0000 		.zero	11
 210      0000 0000 
 210      0000 00
 211 01dc 0B        		.byte	11
 212 01dd 0C        		.byte	12
 213 01de 0D        		.byte	13
 214 01df 0F        		.byte	15
 215 01e0 10        		.byte	16
 216 01e1 11        		.byte	17
 217 01e2 12        		.byte	18
 218 01e3 13        		.byte	19
 219 01e4 0000 0000 		.zero	16
 219      0000 0000 
 219      0000 0000 
 219      0000 0000 
 220 01f4 1C        		.byte	28
 221 01f5 01        		.byte	1
 222 01f6 1B        		.byte	27
 223 01f7 0000 0000 		.zero	5
 223      00
 224 01fc 16        		.byte	22
 225 01fd 14        		.byte	20
 226 01fe 0E        		.byte	14
 227 01ff 0000 0000 		.zero	5
 227      00
 228 0204 1C        		.byte	28
 229 0205 0E        		.byte	14
 230 0206 3837 4336 		.string	"87C64"
 230      3400 
 231 020c 0000 0000 		.zero	10
 231      0000 0000 
 231      0000 
 232 0216 03        		.byte	3
 233 0217 1C        		.byte	28
 234 0218 0D        		.byte	13
 235 0219 08        		.byte	8
 236 021a 0A        		.byte	10
 237 021b 09        		.byte	9
 238 021c 08        		.byte	8
 239 021d 07        		.byte	7
 240 021e 06        		.byte	6
 241 021f 05        		.byte	5
 242 0220 04        		.byte	4
 243 0221 03        		.byte	3
 244 0222 19        		.byte	25
 245 0223 18        		.byte	24
 246 0224 15        		.byte	21
 247 0225 17        		.byte	23
 248 0226 02        		.byte	2
 249 0227 0000 0000 		.zero	11
 249      0000 0000 
 249      0000 00
 250 0232 0B        		.byte	11
 251 0233 0C        		.byte	12
 252 0234 0D        		.byte	13
 253 0235 0F        		.byte	15
 254 0236 10        		.byte	16
 255 0237 11        		.byte	17
 256 0238 12        		.byte	18
 257 0239 13        		.byte	19
 258 023a 0000 0000 		.zero	16
 258      0000 0000 
 258      0000 0000 
 258      0000 0000 
 259 024a 1C        		.byte	28
 260 024b 01        		.byte	1
 261 024c 1B        		.byte	27
 262 024d 0000 0000 		.zero	5
 262      00
 263 0252 14        		.byte	20
 264 0253 16        		.byte	22
 265 0254 0E        		.byte	14
 266 0255 0000 0000 		.zero	5
 266      00
 267 025a 1C        		.byte	28
 268 025b 0E        		.byte	14
 269 025c 4336 342D 		.string	"C64-2732"
 269      3237 3332 
 269      00
 270 0265 0000 0000 		.zero	7
 270      0000 00
 271 026c 00        		.zero	1
 272 026d 18        		.byte	24
 273 026e 0C        		.byte	12
 274 026f 08        		.byte	8
 275 0270 08        		.byte	8
 276 0271 07        		.byte	7
 277 0272 06        		.byte	6
 278 0273 05        		.byte	5
 279 0274 04        		.byte	4
 280 0275 03        		.byte	3
 281 0276 02        		.byte	2
 282 0277 01        		.byte	1
 283 0278 17        		.byte	23
 284 0279 16        		.byte	22
 285 027a 13        		.byte	19
 286 027b 12        		.byte	18
 287 027c 0000 0000 		.zero	12
 287      0000 0000 
 287      0000 0000 
 288 0288 09        		.byte	9
 289 0289 0A        		.byte	10
 290 028a 0B        		.byte	11
 291 028b 0D        		.byte	13
 292 028c 0E        		.byte	14
 293 028d 0F        		.byte	15
 294 028e 10        		.byte	16
 295 028f 11        		.byte	17
 296 0290 0000 0000 		.zero	16
 296      0000 0000 
 296      0000 0000 
 296      0000 0000 
 297 02a0 18        		.byte	24
 298 02a1 15        		.byte	21
 299 02a2 0000 0000 		.zero	6
 299      0000 
 300 02a8 0C        		.byte	12
 301 02a9 14        		.byte	20
 302 02aa 0000 0000 		.zero	6
 302      0000 
 303 02b0 18        		.byte	24
 304 02b1 0C        		.byte	12
 305 02b2 5442 5032 		.string	"TBP28S42"
 305      3853 3432 
 305      00
 306 02bb 0000 0000 		.zero	7
 306      0000 00
 307 02c2 00        		.zero	1
 308 02c3 14        		.byte	20
 309 02c4 09        		.byte	9
 310 02c5 08        		.byte	8
 311 02c6 01        		.byte	1
 312 02c7 02        		.byte	2
 313 02c8 03        		.byte	3
 314 02c9 04        		.byte	4
 315 02ca 05        		.byte	5
 316 02cb 10        		.byte	16
 317 02cc 11        		.byte	17
 318 02cd 12        		.byte	18
 319 02ce 13        		.byte	19
 320 02cf 0000 0000 		.zero	15
 320      0000 0000 
 320      0000 0000 
 320      0000 00
 321 02de 06        		.byte	6
 322 02df 07        		.byte	7
 323 02e0 08        		.byte	8
 324 02e1 09        		.byte	9
 325 02e2 0B        		.byte	11
 326 02e3 0C        		.byte	12
 327 02e4 0D        		.byte	13
 328 02e5 0E        		.byte	14
 329 02e6 0000 0000 		.zero	16
 329      0000 0000 
 329      0000 0000 
 329      0000 0000 
 330 02f6 14        		.byte	20
 331 02f7 0000 0000 		.zero	7
 331      0000 00
 332 02fe 0A        		.byte	10
 333 02ff 0F        		.byte	15
 334 0300 0000 0000 		.zero	6
 334      0000 
 335 0306 0000      		.zero	2
 336 0308 4D42 4D32 		.string	"MBM2764-30"
 336      3736 342D 
 336      3330 00
 337 0313 0000 0000 		.zero	5
 337      00
 338 0318 00        		.zero	1
 339 0319 1C        		.byte	28
 340 031a 0D        		.byte	13
 341 031b 08        		.byte	8
 342 031c 0A        		.byte	10
 343 031d 09        		.byte	9
 344 031e 08        		.byte	8
 345 031f 07        		.byte	7
 346 0320 06        		.byte	6
 347 0321 05        		.byte	5
 348 0322 04        		.byte	4
 349 0323 03        		.byte	3
 350 0324 19        		.byte	25
 351 0325 18        		.byte	24
 352 0326 15        		.byte	21
 353 0327 17        		.byte	23
 354 0328 02        		.byte	2
 355 0329 0000 0000 		.zero	11
 355      0000 0000 
 355      0000 00
 356 0334 0B        		.byte	11
 357 0335 0C        		.byte	12
 358 0336 0D        		.byte	13
 359 0337 0F        		.byte	15
 360 0338 10        		.byte	16
 361 0339 11        		.byte	17
 362 033a 12        		.byte	18
 363 033b 13        		.byte	19
 364 033c 0000 0000 		.zero	16
 364      0000 0000 
 364      0000 0000 
 364      0000 0000 
 365 034c 1B        		.byte	27
 366 034d 01        		.byte	1
 367 034e 0000 0000 		.zero	6
 367      0000 
 368 0354 16        		.byte	22
 369 0355 14        		.byte	20
 370 0356 0E        		.byte	14
 371 0357 0000 0000 		.zero	5
 371      00
 372 035c 0000      		.zero	2
 373 035e 3237 4332 		.string	"27C210"
 373      3130 00
 374 0365 0000 0000 		.zero	9
 374      0000 0000 
 374      00
 375 036e 00        		.zero	1
 376 036f 28        		.byte	40
 377 0370 10        		.byte	16
 378 0371 10        		.byte	16
 379 0372 15        		.byte	21
 380 0373 16        		.byte	22
 381 0374 17        		.byte	23
 382 0375 18        		.byte	24
 383 0376 19        		.byte	25
 384 0377 1A        		.byte	26
 385 0378 1B        		.byte	27
 386 0379 1C        		.byte	28
 387 037a 1D        		.byte	29
 388 037b 1F        		.byte	31
 389 037c 20        		.byte	32
 390 037d 21        		.byte	33
 391 037e 22        		.byte	34
 392 037f 23        		.byte	35
 393 0380 24        		.byte	36
 394 0381 25        		.byte	37
 395 0382 0000 0000 		.zero	8
 395      0000 0000 
 396 038a 13        		.byte	19
 397 038b 12        		.byte	18
 398 038c 11        		.byte	17
 399 038d 10        		.byte	16
 400 038e 0F        		.byte	15
 401 038f 0E        		.byte	14
 402 0390 0D        		.byte	13
 403 0391 0C        		.byte	12
 404 0392 0A        		.byte	10
 405 0393 09        		.byte	9
 406 0394 08        		.byte	8
 407 0395 07        		.byte	7
 408 0396 06        		.byte	6
 409 0397 05        		.byte	5
 410 0398 04        		.byte	4
 411 0399 03        		.byte	3
 412 039a 0000 0000 		.zero	8
 412      0000 0000 
 413 03a2 28        		.byte	40
 414 03a3 01        		.byte	1
 415 03a4 27        		.byte	39
 416 03a5 0000 0000 		.zero	5
 416      00
 417 03aa 02        		.byte	2
 418 03ab 0B        		.byte	11
 419 03ac 1E        		.byte	30
 420 03ad 14        		.byte	20
 421 03ae 0000 0000 		.zero	4
 422 03b2 28        		.byte	40
 423 03b3 0B        		.byte	11
 424 03b4 4150 504C 		.string	"APPLE PROM"
 424      4520 5052 
 424      4F4D 00
 425 03bf 0000 0000 		.zero	5
 425      00
 426 03c4 00        		.zero	1
 427 03c5 1C        		.byte	28
 428 03c6 11        		.byte	17
 429 03c7 08        		.byte	8
 430 03c8 0A        		.byte	10
 431 03c9 09        		.byte	9
 432 03ca 08        		.byte	8
 433 03cb 07        		.byte	7
 434 03cc 06        		.byte	6
 435 03cd 05        		.byte	5
 436 03ce 04        		.byte	4
 437 03cf 03        		.byte	3
 438 03d0 19        		.byte	25
 439 03d1 18        		.byte	24
 440 03d2 15        		.byte	21
 441 03d3 17        		.byte	23
 442 03d4 02        		.byte	2
 443 03d5 1A        		.byte	26
 444 03d6 1B        		.byte	27
 445 03d7 01        		.byte	1
 446 03d8 16        		.byte	22
 447 03d9 0000 0000 		.zero	7
 447      0000 00
 448 03e0 0B        		.byte	11
 449 03e1 0C        		.byte	12
 450 03e2 0D        		.byte	13
 451 03e3 0F        		.byte	15
 452 03e4 10        		.byte	16
 453 03e5 11        		.byte	17
 454 03e6 12        		.byte	18
 455 03e7 13        		.byte	19
 456 03e8 0000 0000 		.zero	16
 456      0000 0000 
 456      0000 0000 
 456      0000 0000 
 457 03f8 1C        		.byte	28
 458 03f9 0000 0000 		.zero	7
 458      0000 00
 459 0400 14        		.byte	20
 460 0401 0E        		.byte	14
 461 0402 0000 0000 		.zero	6
 461      0000 
 462 0408 0000      		.zero	2
 463 040a 3238 4635 		.string	"28F512 (untstd)"
 463      3132 2028 
 463      756E 7473 
 463      7464 2900 
 464 041a 00        		.zero	1
 465 041b 20        		.byte	32
 466 041c 10        		.byte	16
 467 041d 08        		.byte	8
 468 041e 0C        		.byte	12
 469 041f 0B        		.byte	11
 470 0420 0A        		.byte	10
 471 0421 09        		.byte	9
 472 0422 08        		.byte	8
 473 0423 07        		.byte	7
 474 0424 06        		.byte	6
 475 0425 05        		.byte	5
 476 0426 1B        		.byte	27
 477 0427 1A        		.byte	26
 478 0428 17        		.byte	23
 479 0429 19        		.byte	25
 480 042a 04        		.byte	4
 481 042b 1C        		.byte	28
 482 042c 1D        		.byte	29
 483 042d 0F        		.byte	15
 484 042e 0000 0000 		.zero	8
 484      0000 0000 
 485 0436 0D        		.byte	13
 486 0437 0E        		.byte	14
 487 0438 0F        		.byte	15
 488 0439 11        		.byte	17
 489 043a 12        		.byte	18
 490 043b 13        		.byte	19
 491 043c 14        		.byte	20
 492 043d 15        		.byte	21
 493 043e 0000 0000 		.zero	16
 493      0000 0000 
 493      0000 0000 
 493      0000 0000 
 494 044e 20        		.byte	32
 495 044f 1F        		.byte	31
 496 0450 01        		.byte	1
 497 0451 0000 0000 		.zero	5
 497      00
 498 0456 10        		.byte	16
 499 0457 18        		.byte	24
 500 0458 16        		.byte	22
 501 0459 0000 0000 		.zero	5
 501      00
 502 045e 20        		.byte	32
 503 045f 10        		.byte	16
 504 0460 3233 3634 		.string	"2364A"
 504      4100 
 505 0466 0000 0000 		.zero	10
 505      0000 0000 
 505      0000 
 506 0470 00        		.zero	1
 507 0471 18        		.byte	24
 508 0472 0D        		.byte	13
 509 0473 08        		.byte	8
 510 0474 08        		.byte	8
 511 0475 07        		.byte	7
 512 0476 06        		.byte	6
 513 0477 05        		.byte	5
 514 0478 04        		.byte	4
 515 0479 03        		.byte	3
 516 047a 02        		.byte	2
 517 047b 01        		.byte	1
 518 047c 17        		.byte	23
 519 047d 16        		.byte	22
 520 047e 13        		.byte	19
 521 047f 12        		.byte	18
 522 0480 15        		.byte	21
 523 0481 0000 0000 		.zero	11
 523      0000 0000 
 523      0000 00
 524 048c 09        		.byte	9
 525 048d 0A        		.byte	10
 526 048e 0B        		.byte	11
 527 048f 0D        		.byte	13
 528 0490 0E        		.byte	14
 529 0491 0F        		.byte	15
 530 0492 10        		.byte	16
 531 0493 11        		.byte	17
 532 0494 0000 0000 		.zero	16
 532      0000 0000 
 532      0000 0000 
 532      0000 0000 
 533 04a4 18        		.byte	24
 534 04a5 0000 0000 		.zero	7
 534      0000 00
 535 04ac 0C        		.byte	12
 536 04ad 14        		.byte	20
 537 04ae 0000 0000 		.zero	6
 537      0000 
 538 04b4 18        		.byte	24
 539 04b5 0C        		.byte	12
 540 04b6 3237 3136 		.string	"2716 (untested)"
 540      2028 756E 
 540      7465 7374 
 540      6564 2900 
 541 04c6 00        		.zero	1
 542 04c7 18        		.byte	24
 543 04c8 0B        		.byte	11
 544 04c9 08        		.byte	8
 545 04ca 08        		.byte	8
 546 04cb 07        		.byte	7
 547 04cc 06        		.byte	6
 548 04cd 05        		.byte	5
 549 04ce 04        		.byte	4
 550 04cf 03        		.byte	3
 551 04d0 02        		.byte	2
 552 04d1 01        		.byte	1
 553 04d2 17        		.byte	23
 554 04d3 16        		.byte	22
 555 04d4 13        		.byte	19
 556 04d5 0000 0000 		.zero	13
 556      0000 0000 
 556      0000 0000 
 556      00
 557 04e2 09        		.byte	9
 558 04e3 0A        		.byte	10
 559 04e4 0B        		.byte	11
 560 04e5 0D        		.byte	13
 561 04e6 0E        		.byte	14
 562 04e7 0F        		.byte	15
 563 04e8 10        		.byte	16
 564 04e9 11        		.byte	17
 565 04ea 0000 0000 		.zero	16
 565      0000 0000 
 565      0000 0000 
 565      0000 0000 
 566 04fa 18        		.byte	24
 567 04fb 15        		.byte	21
 568 04fc 0000 0000 		.zero	6
 568      0000 
 569 0502 0C        		.byte	12
 570 0503 14        		.byte	20
 571 0504 12        		.byte	18
 572 0505 0000 0000 		.zero	5
 572      00
 573 050a 18        		.byte	24
 574 050b 0C        		.byte	12
 575 050c 3933 3136 		.string	"9316 (untested)"
 575      2028 756E 
 575      7465 7374 
 575      6564 2900 
 576 051c 00        		.zero	1
 577 051d 18        		.byte	24
 578 051e 0B        		.byte	11
 579 051f 08        		.byte	8
 580 0520 08        		.byte	8
 581 0521 07        		.byte	7
 582 0522 06        		.byte	6
 583 0523 05        		.byte	5
 584 0524 04        		.byte	4
 585 0525 03        		.byte	3
 586 0526 02        		.byte	2
 587 0527 01        		.byte	1
 588 0528 17        		.byte	23
 589 0529 16        		.byte	22
 590 052a 13        		.byte	19
 591 052b 0000 0000 		.zero	13
 591      0000 0000 
 591      0000 0000 
 591      00
 592 0538 09        		.byte	9
 593 0539 0A        		.byte	10
 594 053a 0B        		.byte	11
 595 053b 0D        		.byte	13
 596 053c 0E        		.byte	14
 597 053d 0F        		.byte	15
 598 053e 10        		.byte	16
 599 053f 11        		.byte	17
 600 0540 0000 0000 		.zero	16
 600      0000 0000 
 600      0000 0000 
 600      0000 0000 
 601 0550 18        		.byte	24
 602 0551 12        		.byte	18
 603 0552 0000 0000 		.zero	6
 603      0000 
 604 0558 0C        		.byte	12
 605 0559 15        		.byte	21
 606 055a 14        		.byte	20
 607 055b 0000 0000 		.zero	5
 607      00
 608 0560 18        		.byte	24
 609 0561 0C        		.byte	12
 610 0562 484E 3436 		.string	"HN462732"
 610      3237 3332 
 610      00
 611 056b 0000 0000 		.zero	7
 611      0000 00
 612 0572 00        		.zero	1
 613 0573 18        		.byte	24
 614 0574 0C        		.byte	12
 615 0575 08        		.byte	8
 616 0576 08        		.byte	8
 617 0577 07        		.byte	7
 618 0578 06        		.byte	6
 619 0579 05        		.byte	5
 620 057a 04        		.byte	4
 621 057b 03        		.byte	3
 622 057c 02        		.byte	2
 623 057d 01        		.byte	1
 624 057e 17        		.byte	23
 625 057f 16        		.byte	22
 626 0580 13        		.byte	19
 627 0581 15        		.byte	21
 628 0582 0000 0000 		.zero	12
 628      0000 0000 
 628      0000 0000 
 629 058e 09        		.byte	9
 630 058f 0A        		.byte	10
 631 0590 0B        		.byte	11
 632 0591 0D        		.byte	13
 633 0592 0E        		.byte	14
 634 0593 0F        		.byte	15
 635 0594 10        		.byte	16
 636 0595 11        		.byte	17
 637 0596 0000 0000 		.zero	16
 637      0000 0000 
 637      0000 0000 
 637      0000 0000 
 638 05a6 18        		.byte	24
 639 05a7 0000 0000 		.zero	7
 639      0000 00
 640 05ae 0C        		.byte	12
 641 05af 14        		.byte	20
 642 05b0 12        		.byte	18
 643 05b1 0000 0000 		.zero	5
 643      00
 644 05b6 18        		.byte	24
 645 05b7 0C        		.byte	12
 646 05b8 4154 4D65 		.string	"ATMega8"
 646      6761 3800 
 647 05c0 0000 0000 		.zero	8
 647      0000 0000 
 648 05c8 00        		.zero	1
 649 05c9 1C        		.byte	28
 650 05ca 0D        		.byte	13
 651 05cb 00        		.zero	1
 652 05cc 11        		.byte	17
 653 05cd 13        		.byte	19
 654 05ce 01        		.byte	1
 655 05cf 09        		.byte	9
 656 05d0 0000 0000 		.zero	20
 656      0000 0000 
 656      0000 0000 
 656      0000 0000 
 656      0000 0000 
 657 05e4 12        		.byte	18
 658 05e5 0000 0000 		.zero	23
 658      0000 0000 
 658      0000 0000 
 658      0000 0000 
 658      0000 0000 
 659 05fc 07        		.byte	7
 660 05fd 14        		.byte	20
 661 05fe 0000 0000 		.zero	6
 661      0000 
 662 0604 08        		.byte	8
 663 0605 16        		.byte	22
 664 0606 0000 0000 		.zero	6
 664      0000 
 665 060c 07        		.byte	7
 666 060d 08        		.byte	8
 667               		.text
 668               	.Letext0:
 669               		.file 1 "/usr/lib/gcc/avr/4.7.0/../../../avr/include/stdint.h"
 670               		.file 2 "chips.h"
 671               		.file 3 "chips.c"
DEFINED SYMBOLS
                            *ABS*:0000000000000000 chips.c
     /tmp/cci9b5mz.s:2      *ABS*:000000000000003e __SP_H__
     /tmp/cci9b5mz.s:3      *ABS*:000000000000003d __SP_L__
     /tmp/cci9b5mz.s:4      *ABS*:000000000000003f __SREG__
     /tmp/cci9b5mz.s:5      *ABS*:000000000000003b __RAMPZ__
     /tmp/cci9b5mz.s:6      *ABS*:0000000000000000 __tmp_reg__
     /tmp/cci9b5mz.s:7      *ABS*:0000000000000001 __zero_reg__
     /tmp/cci9b5mz.s:14     .rodata:0000000000000000 proms_count
     /tmp/cci9b5mz.s:19     .rodata:0000000000000002 proms

UNDEFINED SYMBOLS
__do_copy_data
